Unable to capture context for thread 16348 in process 17420, can not generate back trace
Unable to capture context for thread 26248 in process 17420, can not generate back trace
Unable to capture context for thread 15768 in process 17420, can not generate back trace
Unable to capture context for thread 3264 in process 17420, can not generate back trace
Unable to capture context for thread 20716 in process 17420, can not generate back trace
Unable to capture context for thread 17720 in process 17420, can not generate back trace
Unable to capture context for thread 29504 in process 17420, can not generate back trace
Unable to capture context for thread 26700 in process 17420, can not generate back trace
Exception at PC 0x00007FFBD2ABBB93
Unable to capture context for thread 16348 in process 17420, can not generate back trace
Unable to capture context for thread 26248 in process 17420, can not generate back trace
Unable to capture context for thread 15768 in process 17420, can not generate back trace
Unable to capture context for thread 3264 in process 17420, can not generate back trace
Unable to capture context for thread 20716 in process 17420, can not generate back trace
Unable to capture context for thread 17720 in process 17420, can not generate back trace
Unable to capture context for thread 29504 in process 17420, can not generate back trace
Unable to capture context for thread 26700 in process 17420, can not generate back trace
Printing stacktrace...

Exception at PC 0x00007FFC9590CD29
Exception at PC 0x00007FFC9590CD29
Unable to capture context for thread 15512 in process 17420, can not generate back trace
Unable to capture context for thread 26944 in process 17420, can not generate back trace
Exception at PC 0x00007FFC9590CD29
Unable to capture context for thread 28316 in process 17420, can not generate back trace
Exception at PC 0x00007FFC9590CD29
Exception at PC 0x00007FFC9590CD29
Exception at PC 0x00007FFC9590CD29
Exception at PC 0x00007FFC9590CD29
Exception at PC 0x00007FFC9590CD29
Exception at PC 0x00007FFC9590CD29
Exception at PC 0x00007FFC9590CD29
Exception at PC 0x00007FFC9590CD29
Exception at PC 0x00007FFC9590CD29
Exception at PC 0x00007FFC9590CD29
[0]  [0x00007FFBD2ABBB93]
[1]  [0x00007FFBD2ABBB93]
[2]  [0x00007FFBD2ABB4A1]
[3]  [0x00007FFBD2ABB459]
[4]  [0x00007FFBD2AA19FE]
[5]  [0x00007FFBD2AA0ED1]
[6]  [0x00007FFBD2AA0D76]
[7]  [0x00007FFBD2A479F6]
[8]  [0x00007FFBD2A37AFB]
[9]  [0x00007FFBD2B5E90A]
[10]  [0x00007FFBD2B79F87]
[11]  [0x00007FFBD2B7A05F]
[12] (BaseThreadInitThunk+0x14) [0x00007FFC96217614]
[13] (RtlUserThreadStart+0x21) [0x00007FFC982026A1]
Done
Exception at PC 0x00007FFC9590CD29
Exception at PC 0x00007FFC9590CD29
Exception at PC 0x00007FFC9590CD29
Exception at PC 0x00007FFC9590CD29
Exception at PC 0x00007FFC9590CD29
Exception at PC 0x00007FFBD27C1A52
Attemped to write at address 0x00007FFC463D9BA4
Printing stacktrace...

[0]  [0x00007FFBD27C1A52]
[1]  [0x00007FFBD27C1A52]
[2]  [0x00007FFBD27C1AD4]
[3]  [0x00007FFBD2903FF7]
[4]  [0x00007FFBD27E9128]
[5]  [0x00007FFBD2A9DFB9]
[6]  [0x00007FFBD2C6EF23]
[7]  [0x00007FFBD2B7B06B]
[8]  [0x00007FFBD2B708AF]
[9]  [0x00007FFBD2B70A32]
[10] (RtlActivateActivationContextUnsafeFast+0x11d) [0x00007FFC981C9A1D]
[11] (LdrShutdownProcess+0x24c) [0x00007FFC9820DCEC]
[12] (RtlExitUserProcess+0xad) [0x00007FFC9820DA7D]
[13] (FatalExit+0xb) [0x00007FFC9621E86B]
[14] (exit+0x85) [0x00007FFC965CA155]
[15] (initterm_e+0x245) [0x00007FFC965CA7C5]
[16]  [0x00000000004014CD]
[17]  [0x000000000040151B]
[18] (BaseThreadInitThunk+0x14) [0x00007FFC96217614]
[19] (RtlUserThreadStart+0x21) [0x00007FFC982026A1]
Done
