Unable to capture context for thread 23444 in process 20248, can not generate back trace
Unable to capture context for thread 12708 in process 20248, can not generate back trace
Unable to capture context for thread 21224 in process 20248, can not generate back trace
Exception at PC 0x00007FFBEFE9BB93
Printing stacktrace...

Exception at PC 0x00007FFCC86FCD29
Exception at PC 0x00007FFCC86FCD29
Exception at PC 0x00007FFCC86FCD29
Exception at PC 0x00007FFCC86FCD29
Exception at PC 0x00007FFCC86FCD29
Exception at PC 0x00007FFCC86FCD29
Exception at PC 0x00007FFCC86FCD29
Exception at PC 0x00007FFCC86FCD29
Exception at PC 0x00007FFCC86FCD29
Exception at PC 0x00007FFCC86FCD29
Exception at PC 0x00007FFCC86FCD29
[0]  [0x00007FFBEFE9BB93]
[1]  [0x00007FFBEFE9BB93]
[2]  [0x00007FFBEFE9B4A1]
[3]  [0x00007FFBEFE9B459]
[4]  [0x00007FFBEFE819FE]
[5]  [0x00007FFBEFE80ED1]
[6]  [0x00007FFBEFE80D76]
[7]  [0x00007FFBEFE279F6]
[8]  [0x00007FFBEFE17AFB]
[9]  [0x00007FFBEFF3E90A]
[10]  [0x00007FFBEFF59F87]
[11]  [0x00007FFBEFF5A05F]
[12] (BaseThreadInitThunk+0x14) [0x00007FFCC90B7614]
[13] (RtlUserThreadStart+0x21) [0x00007FFCCA9E26A1]
Done
Exception at PC 0x00007FFCC86FCD29
Exception at PC 0x00007FFCC86FCD29
Exception at PC 0x00007FFCC86FCD29
Exception at PC 0x00007FFCC86FCD29
Exception at PC 0x00007FFCC86FCD29
Exception at PC 0x00007FFCC86FCD29
Exception at PC 0x00007FFCC86FCD29
Exception at PC 0x00007FFBEFBA1A52
Attemped to write at address 0x00007FFC6FC59BA4
Printing stacktrace...

[0]  [0x00007FFBEFBA1A52]
[1]  [0x00007FFBEFBA1A52]
[2]  [0x00007FFBEFBA1AD4]
[3]  [0x00007FFBEFCE3FF7]
[4]  [0x00007FFBEFBC9128]
[5]  [0x00007FFBEFE7DFB9]
[6]  [0x00007FFBF004EF23]
[7]  [0x00007FFBEFF5B06B]
[8]  [0x00007FFBEFF508AF]
[9]  [0x00007FFBEFF50A32]
[10] (RtlActivateActivationContextUnsafeFast+0x11d) [0x00007FFCCA9A9A1D]
[11] (LdrShutdownProcess+0x24c) [0x00007FFCCA9EDCEC]
[12] (RtlExitUserProcess+0xad) [0x00007FFCCA9EDA7D]
[13] (FatalExit+0xb) [0x00007FFCC90BE86B]
[14] (exit+0x85) [0x00007FFCC9BDA155]
[15] (initterm_e+0x245) [0x00007FFCC9BDA7C5]
[16]  [0x00000000004014CD]
[17]  [0x000000000040151B]
[18] (BaseThreadInitThunk+0x14) [0x00007FFCC90B7614]
[19] (RtlUserThreadStart+0x21) [0x00007FFCCA9E26A1]
Done
