Copyright 1986-2017 Xilinx, Inc. All Rights Reserved.
----------------------------------------------------------------------------------------------------------------------------------------------------------------------------------------------
| Tool Version     : Vivado v.2017.1 (win64) Build 1846317 Fri Apr 14 18:55:03 MDT 2017
| Date             : Mon Jun  5 12:33:39 2023
| Host             : Jasmines-LapTop running 64-bit major release  (build 9200)
| Command          : report_power -file single_cycle_cpu_display_power_routed.rpt -pb single_cycle_cpu_display_power_summary_routed.pb -rpx single_cycle_cpu_display_power_routed.rpx
| Design           : single_cycle_cpu_display
| Device           : xc7a200tfbg676-2
| Design State     : routed
| Grade            : commercial
| Process          : typical
| Characterization : Production
----------------------------------------------------------------------------------------------------------------------------------------------------------------------------------------------

Power Report

Table of Contents
-----------------
1. Summary
1.1 On-Chip Components
1.2 Power Supply Summary
1.3 Confidence Level
2. Settings
2.1 Environment
2.2 Clock Constraints
3. Detailed Reports
3.1 By Hierarchy

1. Summary
----------

+--------------------------+----------------------------------+
| Total On-Chip Power (W)  | 89.291 (Junction temp exceeded!) |
| Dynamic (W)              | 87.608                           |
| Device Static (W)        | 1.682                            |
| Effective TJA (C/W)      | 1.9                              |
| Max Ambient (C)          | 0.0                              |
| Junction Temperature (C) | 125.0                            |
| Confidence Level         | Low                              |
| Setting File             | ---                              |
| Simulation Activity File | ---                              |
| Design Nets Matched      | NA                               |
+--------------------------+----------------------------------+


1.1 On-Chip Components
----------------------

+----------------+-----------+----------+-----------+-----------------+
| On-Chip        | Power (W) | Used     | Available | Utilization (%) |
+----------------+-----------+----------+-----------+-----------------+
| Slice Logic    |    18.716 |     4420 |       --- |             --- |
|   LUT as Logic |    18.042 |     2070 |    133800 |            1.55 |
|   F7/F8 Muxes  |     0.323 |      361 |    133800 |            0.27 |
|   CARRY4       |     0.177 |       38 |     33450 |            0.11 |
|   Register     |     0.116 |     1653 |    267600 |            0.62 |
|   BUFG         |     0.058 |        3 |        32 |            9.38 |
|   Others       |     0.000 |       22 |       --- |             --- |
| Signals        |    24.357 |     3476 |       --- |             --- |
| Block RAM      |     0.129 |        1 |       365 |            0.27 |
| I/O            |    44.406 |       29 |       400 |            7.25 |
| Static Power   |     1.682 |          |           |                 |
| Total          |    89.291 |          |           |                 |
+----------------+-----------+----------+-----------+-----------------+


1.2 Power Supply Summary
------------------------

+-----------+-------------+-----------+-------------+------------+
| Source    | Voltage (V) | Total (A) | Dynamic (A) | Static (A) |
+-----------+-------------+-----------+-------------+------------+
| Vccint    |       1.000 |    44.411 |      43.200 |      1.211 |
| Vccaux    |       1.800 |     1.833 |       1.627 |      0.206 |
| Vcco33    |       3.300 |    12.571 |      12.566 |      0.005 |
| Vcco25    |       2.500 |     0.000 |       0.000 |      0.000 |
| Vcco18    |       1.800 |     0.000 |       0.000 |      0.000 |
| Vcco15    |       1.500 |     0.000 |       0.000 |      0.000 |
| Vcco135   |       1.350 |     0.000 |       0.000 |      0.000 |
| Vcco12    |       1.200 |     0.000 |       0.000 |      0.000 |
| Vccaux_io |       1.800 |     0.000 |       0.000 |      0.000 |
| Vccbram   |       1.000 |     0.059 |       0.010 |      0.049 |
| MGTAVcc   |       1.000 |     0.000 |       0.000 |      0.000 |
| MGTAVtt   |       1.200 |     0.000 |       0.000 |      0.000 |
| Vccadc    |       1.800 |     0.020 |       0.000 |      0.020 |
+-----------+-------------+-----------+-------------+------------+


1.3 Confidence Level
--------------------

+-----------------------------+------------+--------------------------------------------------------+--------------------------------------------------------------------------------------------------------------------+
| User Input Data             | Confidence | Details                                                | Action                                                                                                             |
+-----------------------------+------------+--------------------------------------------------------+--------------------------------------------------------------------------------------------------------------------+
| Design implementation state | High       | Design is routed                                       |                                                                                                                    |
| Clock nodes activity        | Low        | User specified less than 75% of clocks                 | Provide missing clock activity with a constraint file, simulation results or by editing the "By Clock Domain" view |
| I/O nodes activity          | Low        | More than 75% of inputs are missing user specification | Provide missing input activity with simulation results or by editing the "By Resource Type -> I/Os" view           |
| Internal nodes activity     | Medium     | User specified less than 25% of internal nodes         | Provide missing internal nodes activity with simulation results or by editing the "By Resource Type" views         |
| Device models               | High       | Device models are Production                           |                                                                                                                    |
|                             |            |                                                        |                                                                                                                    |
| Overall confidence level    | Low        |                                                        |                                                                                                                    |
+-----------------------------+------------+--------------------------------------------------------+--------------------------------------------------------------------------------------------------------------------+


2. Settings
-----------

2.1 Environment
---------------

+-----------------------+--------------------------+
| Ambient Temp (C)      | 25.0                     |
| ThetaJA (C/W)         | 1.9                      |
| Airflow (LFM)         | 250                      |
| Heat Sink             | medium (Medium Profile)  |
| ThetaSA (C/W)         | 3.4                      |
| Board Selection       | medium (10"x10")         |
| # of Board Layers     | 12to15 (12 to 15 Layers) |
| Board Temperature (C) | 25.0                     |
+-----------------------+--------------------------+


2.2 Clock Constraints
---------------------

+-------+--------+-----------------+
| Clock | Domain | Constraint (ns) |
+-------+--------+-----------------+


3. Detailed Reports
-------------------

3.1 By Hierarchy
----------------

+-----------------------------------------+-----------+
| Name                                    | Power (W) |
+-----------------------------------------+-----------+
| single_cycle_cpu_display                |    87.608 |
|   cpu                                   |    39.975 |
|     alu_module                          |     0.358 |
|     data_ram_module                     |     1.395 |
|     rf_module                           |    35.468 |
|   lcd_module                            |    47.339 |
|     lcd_draw_module                     |     0.945 |
|     lcd_init_module                     |     0.637 |
|     lcd_rom_module                      |     0.437 |
|       U0                                |     0.437 |
|         inst_blk_mem_gen                |     0.437 |
|           gnativebmg.native_blk_mem_gen |     0.437 |
|             valid.cstr                  |     0.437 |
|               ramloop[0].ram.r          |     0.437 |
|                 prim_init.ram           |     0.437 |
|     touch_module                        |     0.298 |
|       int_io                            |     0.000 |
|       sda_io                            |     0.036 |
+-----------------------------------------+-----------+


